# JRE version: Java(TM) SE Runtime Environment (8.0_191-b12) (build 1.8.0_191-b12)
# Java VM: Java HotSpot(TM) 64-Bit Server VM (25.191-b12 mixed mode windows-amd64 compressed oops)
Heap:
 PSYoungGen      total 134656K, used 39950K [0x000000076ad00000, 0x0000000774f80000, 0x00000007c0000000)
  eden space 123904K, 32% used [0x000000076ad00000,0x000000076d403a18,0x0000000772600000)
  from space 10752K, 0% used [0x0000000772600000,0x0000000772600000,0x0000000773080000)
  to   space 18432K, 0% used [0x0000000773d80000,0x0000000773d80000,0x0000000774f80000)
 ParOldGen       total 102400K, used 18775K [0x00000006c0600000, 0x00000006c6a00000, 0x000000076ad00000)
  object space 102400K, 18% used [0x00000006c0600000,0x00000006c1855f80,0x00000006c6a00000)
 Metaspace       used 48602K, capacity 51104K, committed 51288K, reserved 1095680K
  class space    used 6976K, capacity 7420K, committed 7512K, reserved 1048576K
GC Heap History (10 events):
Event: 6.893 GC heap before
{Heap before GC invocations=12 (full 3):
 PSYoungGen      total 134656K, used 9702K [0x000000076ad00000, 0x0000000775b80000, 0x00000007c0000000)
  eden space 123904K, 0% used [0x000000076ad00000,0x000000076ad00000,0x0000000772600000)
  from space 10752K, 90% used [0x0000000772600000,0x0000000772f79b10,0x0000000773080000)
  to   space 12800K, 0% used [0x0000000774f00000,0x0000000774f00000,0x0000000775b80000)
 ParOldGen       total 102400K, used 20376K [0x00000006c0600000, 0x00000006c6a00000, 0x000000076ad00000)
  object space 102400K, 19% used [0x00000006c0600000,0x00000006c19e6020,0x00000006c6a00000)
 Metaspace       used 47073K, capacity 49412K, committed 49496K, reserved 1097728K
  class space    used 6732K, capacity 7172K, committed 7256K, reserved 1048576K
Event: 7.031 GC heap after
Heap after GC invocations=12 (full 3):
 PSYoungGen      total 134656K, used 0K [0x000000076ad00000, 0x0000000775b80000, 0x00000007c0000000)
  eden space 123904K, 0% used [0x000000076ad00000,0x000000076ad00000,0x0000000772600000)
  from space 10752K, 0% used [0x0000000772600000,0x0000000772600000,0x0000000773080000)
  to   space 12800K, 0% used [0x0000000774f00000,0x0000000774f00000,0x0000000775b80000)
 ParOldGen       total 102400K, used 26762K [0x00000006c0600000, 0x00000006c6a00000, 0x000000076ad00000)
  object space 102400K, 26% used [0x00000006c0600000,0x00000006c2022948,0x00000006c6a00000)
 Metaspace       used 47073K, capacity 49412K, committed 49496K, reserved 1095680K
  class space    used 6732K, capacity 7172K, committed 7256K, reserved 1048576K
}
Event: 7.031 GC heap before
{Heap before GC invocations=13 (full 3):
 PSYoungGen      total 134656K, used 0K [0x000000076ad00000, 0x0000000775b80000, 0x00000007c0000000)
  eden space 123904K, 0% used [0x000000076ad00000,0x000000076ad00000,0x0000000772600000)
  from space 10752K, 0% used [0x0000000772600000,0x0000000772600000,0x0000000773080000)
  to   space 12800K, 0% used [0x0000000774f00000,0x0000000774f00000,0x0000000775b80000)
 ParOldGen       total 102400K, used 26762K [0x00000006c0600000, 0x00000006c6a00000, 0x000000076ad00000)
  object space 102400K, 26% used [0x00000006c0600000,0x00000006c2022948,0x00000006c6a00000)
 Metaspace       used 47073K, capacity 49412K, committed 49496K, reserved 1099776K
  class space    used 6732K, capacity 7172K, committed 7256K, reserved 1048576K
Event: 7.033 GC heap after
Heap after GC invocations=13 (full 3):
 PSYoungGen      total 136704K, used 0K [0x000000076ad00000, 0x0000000775b80000, 0x00000007c0000000)
  eden space 123904K, 0% used [0x000000076ad00000,0x000000076ad00000,0x0000000772600000)
  from space 12800K, 0% used [0x0000000774f00000,0x0000000774f00000,0x0000000775b80000)
  to   space 10752K, 0% used [0x0000000772600000,0x0000000772600000,0x0000000773080000)
 ParOldGen       total 102400K, used 26762K [0x00000006c0600000, 0x00000006c6a00000, 0x000000076ad00000)
  object space 102400K, 26% used [0x00000006c0600000,0x00000006c2022948,0x00000006c6a00000)
 Metaspace       used 47073K, capacity 49412K, committed 49496K, reserved 1099776K
  class space    used 6732K, capacity 7172K, committed 7256K, reserved 1048576K
}
Event: 7.033 GC heap before
{Heap before GC invocations=14 (full 4):
 PSYoungGen      total 136704K, used 0K [0x000000076ad00000, 0x0000000775b80000, 0x00000007c0000000)
  eden space 123904K, 0% used [0x000000076ad00000,0x000000076ad00000,0x0000000772600000)
  from space 12800K, 0% used [0x0000000774f00000,0x0000000774f00000,0x0000000775b80000)
  to   space 10752K, 0% used [0x0000000772600000,0x0000000772600000,0x0000000773080000)
 ParOldGen       total 102400K, used 26762K [0x00000006c0600000, 0x00000006c6a00000, 0x000000076ad00000)
  object space 102400K, 26% used [0x00000006c0600000,0x00000006c2022948,0x00000006c6a00000)
 Metaspace       used 47073K, capacity 49412K, committed 49496K, reserved 1099776K
  class space    used 6732K, capacity 7172K, committed 7256K, reserved 1048576K
Event: 7.169 GC heap after
Heap after GC invocations=14 (full 4):
 PSYoungGen      total 136704K, used 0K [0x000000076ad00000, 0x0000000775b80000, 0x00000007c0000000)
  eden space 123904K, 0% used [0x000000076ad00000,0x000000076ad00000,0x0000000772600000)
  from space 12800K, 0% used [0x0000000774f00000,0x0000000774f00000,0x0000000775b80000)
  to   space 10752K, 0% used [0x0000000772600000,0x0000000772600000,0x0000000773080000)
 ParOldGen       total 102400K, used 22658K [0x00000006c0600000, 0x00000006c6a00000, 0x000000076ad00000)
  object space 102400K, 22% used [0x00000006c0600000,0x00000006c1c20800,0x00000006c6a00000)
 Metaspace       used 46917K, capacity 49164K, committed 49496K, reserved 1095680K
  class space    used 6707K, capacity 7126K, committed 7256K, reserved 1048576K
}
Event: 7.203 GC heap before
{Heap before GC invocations=15 (full 4):
 PSYoungGen      total 136704K, used 5989K [0x000000076ad00000, 0x0000000775b80000, 0x00000007c0000000)
  eden space 123904K, 4% used [0x000000076ad00000,0x000000076b2d94c8,0x0000000772600000)
  from space 12800K, 0% used [0x0000000774f00000,0x0000000774f00000,0x0000000775b80000)
  to   space 10752K, 0% used [0x0000000772600000,0x0000000772600000,0x0000000773080000)
 ParOldGen       total 102400K, used 22658K [0x00000006c0600000, 0x00000006c6a00000, 0x000000076ad00000)
  object space 102400K, 22% used [0x00000006c0600000,0x00000006c1c20800,0x00000006c6a00000)
 Metaspace       used 46983K, capacity 49200K, committed 49496K, reserved 1099776K
  class space    used 6725K, capacity 7134K, committed 7256K, reserved 1048576K
Event: 7.208 GC heap after
Heap after GC invocations=15 (full 4):
 PSYoungGen      total 134656K, used 583K [0x000000076ad00000, 0x0000000774f80000, 0x00000007c0000000)
  eden space 123904K, 0% used [0x000000076ad00000,0x000000076ad00000,0x0000000772600000)
  from space 10752K, 5% used [0x0000000772600000,0x0000000772691cd0,0x0000000773080000)
  to   space 18432K, 0% used [0x0000000773d80000,0x0000000773d80000,0x0000000774f80000)
 ParOldGen       total 102400K, used 22658K [0x00000006c0600000, 0x00000006c6a00000, 0x000000076ad00000)
  object space 102400K, 22% used [0x00000006c0600000,0x00000006c1c20800,0x00000006c6a00000)
 Metaspace       used 46983K, capacity 49200K, committed 49496K, reserved 1099776K
  class space    used 6725K, capacity 7134K, committed 7256K, reserved 1048576K
}
Event: 7.208 GC heap before
{Heap before GC invocations=16 (full 5):
 PSYoungGen      total 134656K, used 583K [0x000000076ad00000, 0x0000000774f80000, 0x00000007c0000000)
  eden space 123904K, 0% used [0x000000076ad00000,0x000000076ad00000,0x0000000772600000)
  from space 10752K, 5% used [0x0000000772600000,0x0000000772691cd0,0x0000000773080000)
  to   space 18432K, 0% used [0x0000000773d80000,0x0000000773d80000,0x0000000774f80000)
 ParOldGen       total 102400K, used 22658K [0x00000006c0600000, 0x00000006c6a00000, 0x000000076ad00000)
  object space 102400K, 22% used [0x00000006c0600000,0x00000006c1c20800,0x00000006c6a00000)
 Metaspace       used 46983K, capacity 49200K, committed 49496K, reserved 1099776K
  class space    used 6725K, capacity 7134K, committed 7256K, reserved 1048576K
Event: 7.273 GC heap after
Heap after GC invocations=16 (full 5):
 PSYoungGen      total 134656K, used 0K [0x000000076ad00000, 0x0000000774f80000, 0x00000007c0000000)
  eden space 123904K, 0% used [0x000000076ad00000,0x000000076ad00000,0x0000000772600000)
  from space 10752K, 0% used [0x0000000772600000,0x0000000772600000,0x0000000773080000)
  to   space 18432K, 0% used [0x0000000773d80000,0x0000000773d80000,0x0000000774f80000)
 ParOldGen       total 102400K, used 18775K [0x00000006c0600000, 0x00000006c6a00000, 0x000000076ad00000)
  object space 102400K, 18% used [0x00000006c0600000,0x00000006c1855f80,0x00000006c6a00000)
 Metaspace       used 46983K, capacity 49200K, committed 49496K, reserved 1095680K
  class space    used 6725K, capacity 7134K, committed 7256K, reserved 1048576K
}

